2025-08-11 19:53:59,857 [INFO] Activator:176 - 


2025-08-11 19:53:59,859 [INFO] Activator:177 - !SESSION log4j initialized
2025-08-11 19:54:02,936 [INFO] LogOutputStream:77 - [STDOUT_REDIRECT] 
2025-08-11 19:54:04,793 [INFO] ApplicationProperties:184 - Using Application install path: C:\ST\STM32CubeIDE_1.16.1\STM32CubeIDE\plugins\com.st.stm32cube.common.mx_6.15.0.202507011659
2025-08-11 19:54:04,807 [INFO] DbMcusXml:78 - Set database path to: C:\ST\STM32CubeIDE_1.16.1\STM32CubeIDE\plugins\com.st.stm32cube.common.mx_6.15.0.202507011659\\db\/mcu/
2025-08-11 19:54:04,808 [INFO] ApiDb:274 - Set plugin database path to: C:\ST\STM32CubeIDE_1.16.1\STM32CubeIDE\plugins\com.st.stm32cube.common.mx_6.15.0.202507011659\\db\/plugins/boardmanager/
2025-08-11 19:54:04,808 [WARN] ApiDb:259 - Overriding images path with different value:  => C:\ST\STM32CubeIDE_1.16.1\STM32CubeIDE\plugins\com.st.stm32cube.common.mx_6.15.0.202507011659\\db\/plugins/mcufinder/images/
2025-08-11 19:54:04,815 [INFO] ApiDb:250 - Set database path to: C:\Users\pingwcy\.stmcufinder\plugins\mcufinder//mcu/
2025-08-11 19:54:04,816 [INFO] DbMcusAds:125 - Set database path to: C:\Users\pingwcy\.stmcufinder\plugins\mcufinder//mcu/
2025-08-11 19:54:04,819 [INFO] CrossReferenceDbSqlite:203 - Set database path to: C:\Users\pingwcy\.stmcufinder\plugins\mcufinder//mcu/cs/
2025-08-11 19:54:04,928 [INFO] RulesReader:64 - Compatibility file has been processed (317 Rules)
2025-08-11 19:54:05,021 [INFO] DbMcusXml:78 - Set database path to: C:\ST\STM32CubeIDE_1.16.1\STM32CubeIDE\plugins\com.st.stm32cube.common.mx_6.15.0.202507011659\\db\/mcu/
2025-08-11 19:54:05,021 [INFO] ApiDb:274 - Set plugin database path to: C:\ST\STM32CubeIDE_1.16.1\STM32CubeIDE\plugins\com.st.stm32cube.common.mx_6.15.0.202507011659\\db\/plugins/boardmanager/
2025-08-11 19:54:05,021 [INFO] ApiDb:261 - Set plugin images path to: C:\ST\STM32CubeIDE_1.16.1\STM32CubeIDE\plugins\com.st.stm32cube.common.mx_6.15.0.202507011659\\db\/plugins/mcufinder/images/
2025-08-11 19:54:05,021 [WARN] DbFile:41 - Overriding database path with different value: C:\Users\pingwcy\.stmcufinder\plugins\mcufinder/ => C:\Users\pingwcy\.stmcufinder\plugins\mcufinder
2025-08-11 19:54:05,021 [INFO] ApiDb:250 - Set database path to: C:\Users\pingwcy\.stmcufinder\plugins\mcufinder//mcu/
2025-08-11 19:54:05,021 [WARN] DbFile:41 - Overriding database path with different value: C:\Users\pingwcy\.stmcufinder\plugins\mcufinder/ => C:\Users\pingwcy\.stmcufinder\plugins\mcufinder
2025-08-11 19:54:05,021 [INFO] DbMcusAds:125 - Set database path to: C:\Users\pingwcy\.stmcufinder\plugins\mcufinder//mcu/
2025-08-11 19:54:05,021 [WARN] DbFile:41 - Overriding database path with different value: C:\Users\pingwcy\.stmcufinder\plugins\mcufinder/ => C:\Users\pingwcy\.stmcufinder\plugins\mcufinder
2025-08-11 19:54:05,021 [WARN] DbFile:41 - Overriding database path with different value: C:\Users\pingwcy\.stmcufinder\plugins\mcufinder/ => C:\Users\pingwcy\.stmcufinder\plugins\mcufinder
2025-08-11 19:54:05,022 [INFO] CrossReferenceDbSqlite:203 - Set database path to: C:\Users\pingwcy\.stmcufinder\plugins\mcufinder//mcu/cs/
2025-08-11 19:54:05,093 [INFO] MainPanel:274 - HeapMemory: 268435456
2025-08-11 19:54:05,159 [INFO] DbMcusXml:78 - Set database path to: C:\ST\STM32CubeIDE_1.16.1\STM32CubeIDE\plugins\com.st.stm32cube.common.mx_6.15.0.202507011659\\db\/mcu/
2025-08-11 19:54:05,160 [INFO] ApiDb:274 - Set plugin database path to: C:\ST\STM32CubeIDE_1.16.1\STM32CubeIDE\plugins\com.st.stm32cube.common.mx_6.15.0.202507011659\\db\/plugins/boardmanager/
2025-08-11 19:54:05,160 [INFO] ApiDb:261 - Set plugin images path to: C:\ST\STM32CubeIDE_1.16.1\STM32CubeIDE\plugins\com.st.stm32cube.common.mx_6.15.0.202507011659\\db\/plugins/mcufinder/images/
2025-08-11 19:54:05,160 [WARN] DbFile:41 - Overriding database path with different value: C:\Users\pingwcy\.stmcufinder\plugins\mcufinder/ => C:\Users\pingwcy\.stmcufinder\plugins\mcufinder
2025-08-11 19:54:05,160 [INFO] ApiDb:250 - Set database path to: C:\Users\pingwcy\.stmcufinder\plugins\mcufinder//mcu/
2025-08-11 19:54:05,160 [WARN] DbFile:41 - Overriding database path with different value: C:\Users\pingwcy\.stmcufinder\plugins\mcufinder/ => C:\Users\pingwcy\.stmcufinder\plugins\mcufinder
2025-08-11 19:54:05,160 [INFO] DbMcusAds:125 - Set database path to: C:\Users\pingwcy\.stmcufinder\plugins\mcufinder//mcu/
2025-08-11 19:54:05,160 [WARN] DbFile:41 - Overriding database path with different value: C:\Users\pingwcy\.stmcufinder\plugins\mcufinder/ => C:\Users\pingwcy\.stmcufinder\plugins\mcufinder
2025-08-11 19:54:05,160 [WARN] DbFile:41 - Overriding database path with different value: C:\Users\pingwcy\.stmcufinder\plugins\mcufinder/ => C:\Users\pingwcy\.stmcufinder\plugins\mcufinder
2025-08-11 19:54:05,160 [INFO] CrossReferenceDbSqlite:203 - Set database path to: C:\Users\pingwcy\.stmcufinder\plugins\mcufinder//mcu/cs/
2025-08-11 19:54:05,177 [INFO] ApplicationProperties:184 - Using Application install path: C:\ST\STM32CubeIDE_1.16.1\STM32CubeIDE\plugins\com.st.stm32cube.common.mx_6.15.0.202507011659
2025-08-11 19:54:05,178 [INFO] PluginManage:196 - Search for loadable plugins [exclusion list=, ]
2025-08-11 19:54:05,178 [INFO] PluginManage:310 - Check plugin analytics
2025-08-11 19:54:05,322 [INFO] AnalyticsPlugin:253 - Accepted Software Licenses: 
2025-08-11 19:54:05,323 [INFO] AnalyticsPlugin:255 - Accepted CMSIS Pack Licenses: 
2025-08-11 19:54:05,323 [INFO] AnalyticsPlugin:257 - Accepted Firmware Licenses: 
2025-08-11 19:54:05,325 [INFO] PluginManage:359 - Loaded plugin analytics (category:tool,tabindex:-1)
2025-08-11 19:54:05,325 [INFO] PluginManage:310 - Check plugin cadmodel
2025-08-11 19:54:05,328 [INFO] CADModel:105 - Init CAD model plugin
2025-08-11 19:54:05,328 [INFO] PluginManage:359 - Loaded plugin cadmodel (category:power,tabindex:5)
2025-08-11 19:54:05,328 [INFO] PluginManage:310 - Check plugin clock
2025-08-11 19:54:05,336 [INFO] PluginManage:359 - Loaded plugin clock (category:base,tabindex:2)
2025-08-11 19:54:05,336 [INFO] PluginManage:310 - Check plugin ddr
2025-08-11 19:54:05,337 [INFO] PluginManage:359 - Loaded plugin ddr (category:tool,tabindex:6)
2025-08-11 19:54:05,338 [INFO] PluginManage:310 - Check plugin filemanager
2025-08-11 19:54:05,476 [INFO] PluginManage:359 - Loaded plugin filemanager (category:base,tabindex:10)
2025-08-11 19:54:05,477 [INFO] PluginManage:310 - Check plugin ipmanager
2025-08-11 19:54:05,482 [INFO] PluginManage:359 - Loaded plugin ipmanager (category:base,tabindex:5)
2025-08-11 19:54:05,483 [INFO] PluginManage:310 - Check plugin lpbam
2025-08-11 19:54:05,488 [INFO] PluginManage:359 - Loaded plugin lpbam (category:base,tabindex:0)
2025-08-11 19:54:05,488 [INFO] PluginManage:310 - Check plugin memorymap
2025-08-11 19:54:05,495 [INFO] PluginManage:359 - Loaded plugin memorymap (category:base,tabindex:4)
2025-08-11 19:54:05,495 [INFO] PluginManage:310 - Check plugin pinoutandconfiguration
2025-08-11 19:54:05,500 [INFO] PluginManage:359 - Loaded plugin pinoutandconfiguration (category:base,tabindex:1)
2025-08-11 19:54:05,500 [INFO] PluginManage:310 - Check plugin pinoutconfig
2025-08-11 19:54:05,567 [WARN] SupportedApi:132 - Cannot load RTOS API schema: s4s-elt-must-match.1: The content of 'definitions' must match (annotation?, (simpleType | complexType)?, (unique | key | keyref)*)). A problem was found starting at: attribute.
2025-08-11 19:54:05,663 [INFO] PluginManage:359 - Loaded plugin pinoutconfig (category:base,tabindex:0)
2025-08-11 19:54:05,663 [INFO] PluginManage:310 - Check plugin power
2025-08-11 19:54:05,669 [INFO] PluginManage:359 - Loaded plugin power (category:power,tabindex:4)
2025-08-11 19:54:05,669 [INFO] PluginManage:310 - Check plugin projectmanager
2025-08-11 19:54:05,681 [INFO] PluginManage:359 - Loaded plugin projectmanager (category:projectmanager,tabindex:4)
2025-08-11 19:54:05,681 [INFO] PluginManage:310 - Check plugin rif
2025-08-11 19:54:05,691 [INFO] PluginManage:359 - Loaded plugin rif (category:base,tabindex:3)
2025-08-11 19:54:05,691 [INFO] PluginManage:310 - Check plugin thirdparty
2025-08-11 19:54:05,792 [INFO] PluginManage:359 - Loaded plugin thirdparty (category:base,tabindex:-1)
2025-08-11 19:54:05,792 [WARN] IntegrityCheckThread:84 - waiting for thirdparty lock release [integrity check]
2025-08-11 19:54:05,793 [INFO] PluginManage:310 - Check plugin tools
2025-08-11 19:54:05,793 [INFO] IntegrityCheckThread:86 - entering critical section [integrity check]
2025-08-11 19:54:05,793 [INFO] ThirdPartyUpdaterWithRetryManager:70 - Updater plugin not ready yet. [1/15]
2025-08-11 19:54:05,794 [INFO] PluginManage:359 - Loaded plugin tools (category:base,tabindex:7)
2025-08-11 19:54:05,795 [INFO] PluginManage:310 - Check plugin tutovideos
2025-08-11 19:54:05,932 [INFO] PluginManage:359 - Loaded plugin tutovideos (category:base,tabindex:-1)
2025-08-11 19:54:05,932 [INFO] PluginManage:310 - Check plugin updater
2025-08-11 19:54:05,947 [INFO] PluginManage:359 - Loaded plugin updater (category:base,tabindex:12)
2025-08-11 19:54:05,947 [INFO] PluginManage:310 - Check plugin userauth
2025-08-11 19:54:05,950 [INFO] UserAuth:118 - Init User Auth plugin
2025-08-11 19:54:05,951 [INFO] PluginManage:359 - Loaded plugin userauth (category:base,tabindex:14)
2025-08-11 19:54:05,951 [INFO] PluginManage:283 - PluginManage : Loaded plugins [18]
2025-08-11 19:54:06,127 [INFO] PinOutPanel:1589 - setPackage(No Configuration,No Configuration)
2025-08-11 19:54:06,209 [INFO] CADModel:165 - CPN selected for project level
2025-08-11 19:54:06,210 [INFO] CADModel:114 - Register for checkConnection events
2025-08-11 19:54:06,220 [INFO] IPUIPlugin:80 - create IPUIPlugin
2025-08-11 19:54:06,221 [INFO] PluginManager:220 - loadIPPluginJar : add adc
2025-08-11 19:54:06,222 [INFO] IPUIPlugin:80 - create IPUIPlugin
2025-08-11 19:54:06,223 [INFO] PluginManager:220 - loadIPPluginJar : add aes
2025-08-11 19:54:06,224 [INFO] IPUIPlugin:80 - create IPUIPlugin
2025-08-11 19:54:06,224 [INFO] PluginManager:220 - loadIPPluginJar : add can
2025-08-11 19:54:06,225 [INFO] IPUIPlugin:80 - create IPUIPlugin
2025-08-11 19:54:06,225 [INFO] PluginManager:220 - loadIPPluginJar : add comp
2025-08-11 19:54:06,226 [INFO] IPUIPlugin:80 - create IPUIPlugin
2025-08-11 19:54:06,226 [INFO] PluginManager:220 - loadIPPluginJar : add cryp
2025-08-11 19:54:06,228 [INFO] IPUIPlugin:80 - create IPUIPlugin
2025-08-11 19:54:06,228 [INFO] PluginManager:220 - loadIPPluginJar : add ddr_ctrl_phy
2025-08-11 19:54:06,230 [INFO] IPUIPlugin:80 - create IPUIPlugin
2025-08-11 19:54:06,230 [INFO] PluginManager:220 - loadIPPluginJar : add dfsdm
2025-08-11 19:54:06,235 [INFO] IPUIPlugin:80 - create IPUIPlugin
2025-08-11 19:54:06,235 [INFO] PluginManager:220 - loadIPPluginJar : add dma
2025-08-11 19:54:06,237 [INFO] IPUIPlugin:80 - create IPUIPlugin
2025-08-11 19:54:06,237 [INFO] PluginManager:220 - loadIPPluginJar : add dma3
2025-08-11 19:54:06,239 [INFO] IPUIPlugin:80 - create IPUIPlugin
2025-08-11 19:54:06,239 [INFO] PluginManager:220 - loadIPPluginJar : add extmemmanager
2025-08-11 19:54:06,240 [INFO] IPUIPlugin:80 - create IPUIPlugin
2025-08-11 19:54:06,240 [INFO] PluginManager:220 - loadIPPluginJar : add fatfs
2025-08-11 19:54:06,242 [INFO] IPUIPlugin:80 - create IPUIPlugin
2025-08-11 19:54:06,242 [INFO] PluginManager:220 - loadIPPluginJar : add fmc
2025-08-11 19:54:06,251 [INFO] IPUIPlugin:80 - create IPUIPlugin
2025-08-11 19:54:06,251 [INFO] PluginManager:220 - loadIPPluginJar : add freertos
2025-08-11 19:54:06,252 [INFO] IPUIPlugin:80 - create IPUIPlugin
2025-08-11 19:54:06,252 [INFO] PluginManager:220 - loadIPPluginJar : add genericplugin
2025-08-11 19:54:06,254 [INFO] IPUIPlugin:80 - create IPUIPlugin
2025-08-11 19:54:06,254 [INFO] PluginManager:220 - loadIPPluginJar : add gfxmmu
2025-08-11 19:54:06,261 [INFO] IPUIPlugin:80 - create IPUIPlugin
2025-08-11 19:54:06,261 [INFO] PluginManager:220 - loadIPPluginJar : add gic
2025-08-11 19:54:06,265 [INFO] IPUIPlugin:80 - create IPUIPlugin
2025-08-11 19:54:06,265 [INFO] PluginManager:220 - loadIPPluginJar : add gpio
2025-08-11 19:54:06,267 [INFO] IPUIPlugin:80 - create IPUIPlugin
2025-08-11 19:54:06,267 [INFO] PluginManager:220 - loadIPPluginJar : add gtzc
2025-08-11 19:54:06,269 [INFO] IPUIPlugin:80 - create IPUIPlugin
2025-08-11 19:54:06,269 [INFO] PluginManager:220 - loadIPPluginJar : add hash
2025-08-11 19:54:06,271 [INFO] IPUIPlugin:80 - create IPUIPlugin
2025-08-11 19:54:06,271 [INFO] PluginManager:220 - loadIPPluginJar : add i2c
2025-08-11 19:54:06,276 [INFO] IPUIPlugin:80 - create IPUIPlugin
2025-08-11 19:54:06,276 [INFO] PluginManager:220 - loadIPPluginJar : add i2s
2025-08-11 19:54:06,279 [INFO] IPUIPlugin:80 - create IPUIPlugin
2025-08-11 19:54:06,279 [INFO] PluginManager:220 - loadIPPluginJar : add i3c
2025-08-11 19:54:06,282 [INFO] IPUIPlugin:80 - create IPUIPlugin
2025-08-11 19:54:06,282 [INFO] PluginManager:220 - loadIPPluginJar : add ipddr
2025-08-11 19:54:06,287 [INFO] IPUIPlugin:80 - create IPUIPlugin
2025-08-11 19:54:06,288 [INFO] PluginManager:220 - loadIPPluginJar : add linkedlist
2025-08-11 19:54:06,291 [INFO] IPUIPlugin:80 - create IPUIPlugin
2025-08-11 19:54:06,291 [INFO] PluginManager:220 - loadIPPluginJar : add lorawan
2025-08-11 19:54:06,292 [INFO] IPUIPlugin:80 - create IPUIPlugin
2025-08-11 19:54:06,293 [INFO] PluginManager:220 - loadIPPluginJar : add ltdc
2025-08-11 19:54:06,299 [INFO] IPUIPlugin:80 - create IPUIPlugin
2025-08-11 19:54:06,299 [INFO] PluginManager:220 - loadIPPluginJar : add mdma
2025-08-11 19:54:06,302 [INFO] IPUIPlugin:80 - create IPUIPlugin
2025-08-11 19:54:06,302 [INFO] PluginManager:220 - loadIPPluginJar : add nvic
2025-08-11 19:54:06,306 [INFO] IPUIPlugin:80 - create IPUIPlugin
2025-08-11 19:54:06,306 [INFO] PluginManager:220 - loadIPPluginJar : add opamp
2025-08-11 19:54:06,310 [INFO] IPUIPlugin:80 - create IPUIPlugin
2025-08-11 19:54:06,310 [INFO] PluginManager:220 - loadIPPluginJar : add openamp
2025-08-11 19:54:06,312 [INFO] IPUIPlugin:80 - create IPUIPlugin
2025-08-11 19:54:06,312 [INFO] PluginManager:220 - loadIPPluginJar : add pdm2pcm
2025-08-11 19:54:06,316 [INFO] IPUIPlugin:80 - create IPUIPlugin
2025-08-11 19:54:06,319 [INFO] PluginManager:220 - loadIPPluginJar : add plateformsettings
2025-08-11 19:54:06,321 [INFO] IPUIPlugin:80 - create IPUIPlugin
2025-08-11 19:54:06,321 [INFO] PluginManager:220 - loadIPPluginJar : add quadspi
2025-08-11 19:54:06,322 [INFO] IPUIPlugin:80 - create IPUIPlugin
2025-08-11 19:54:06,322 [INFO] PluginManager:220 - loadIPPluginJar : add radio
2025-08-11 19:54:06,325 [INFO] IPUIPlugin:80 - create IPUIPlugin
2025-08-11 19:54:06,325 [INFO] PluginManager:220 - loadIPPluginJar : add resmgrutility
2025-08-11 19:54:06,327 [INFO] IPUIPlugin:80 - create IPUIPlugin
2025-08-11 19:54:06,327 [INFO] PluginManager:220 - loadIPPluginJar : add sai
2025-08-11 19:54:06,329 [INFO] IPUIPlugin:80 - create IPUIPlugin
2025-08-11 19:54:06,329 [INFO] PluginManager:220 - loadIPPluginJar : add spi
2025-08-11 19:54:06,333 [INFO] IPUIPlugin:80 - create IPUIPlugin
2025-08-11 19:54:06,333 [INFO] PluginManager:220 - loadIPPluginJar : add stm32_wpan
2025-08-11 19:54:06,334 [INFO] IPUIPlugin:80 - create IPUIPlugin
2025-08-11 19:54:06,334 [INFO] PluginManager:220 - loadIPPluginJar : add tim
2025-08-11 19:54:06,335 [INFO] IPUIPlugin:80 - create IPUIPlugin
2025-08-11 19:54:06,336 [INFO] PluginManager:220 - loadIPPluginJar : add touchsensing
2025-08-11 19:54:06,338 [INFO] IPUIPlugin:80 - create IPUIPlugin
2025-08-11 19:54:06,338 [INFO] PluginManager:220 - loadIPPluginJar : add tracer_emb
2025-08-11 19:54:06,340 [INFO] IPUIPlugin:80 - create IPUIPlugin
2025-08-11 19:54:06,340 [INFO] PluginManager:220 - loadIPPluginJar : add ts
2025-08-11 19:54:06,341 [INFO] IPUIPlugin:80 - create IPUIPlugin
2025-08-11 19:54:06,341 [INFO] PluginManager:220 - loadIPPluginJar : add tsc
2025-08-11 19:54:06,342 [INFO] IPUIPlugin:80 - create IPUIPlugin
2025-08-11 19:54:06,342 [INFO] PluginManager:220 - loadIPPluginJar : add ucpd
2025-08-11 19:54:06,343 [INFO] IPUIPlugin:80 - create IPUIPlugin
2025-08-11 19:54:06,344 [INFO] PluginManager:220 - loadIPPluginJar : add usart
2025-08-11 19:54:06,345 [INFO] IPUIPlugin:80 - create IPUIPlugin
2025-08-11 19:54:06,345 [INFO] PluginManager:220 - loadIPPluginJar : add usbx
2025-08-11 19:54:06,458 [FATAL] Updater:351 - Updater called before beeing initialized
2025-08-11 19:54:06,478 [INFO] RulesReader:64 - Compatibility file has been processed (317 Rules)
2025-08-11 19:54:06,485 [INFO] RulesReader:64 - Compatibility file has been processed (317 Rules)
2025-08-11 19:54:06,493 [INFO] CADModel:165 - CPN selected for project level
2025-08-11 19:54:06,493 [INFO] CADModel:114 - Register for checkConnection events
2025-08-11 19:54:06,493 [FATAL] Updater:351 - Updater called before beeing initialized
2025-08-11 19:54:06,493 [ERROR] CADModel:125 - Updater not yet initialized, retry later 
2025-08-11 19:54:06,594 [FATAL] Updater:351 - Updater called before beeing initialized
2025-08-11 19:54:06,595 [INFO] CADModel:165 - CPN selected for project level
2025-08-11 19:54:06,595 [INFO] CADModel:114 - Register for checkConnection events
2025-08-11 19:54:06,595 [FATAL] Updater:351 - Updater called before beeing initialized
2025-08-11 19:54:06,595 [ERROR] CADModel:125 - Updater not yet initialized, retry later 
2025-08-11 19:54:06,598 [FATAL] Updater:351 - Updater called before beeing initialized
2025-08-11 19:54:06,685 [FATAL] Updater:351 - Updater called before beeing initialized
2025-08-11 19:54:06,688 [INFO] DbMcusAds:53 - JSON generation date=Tue Jul 08 16:14:23 CST 2025 (1751962463582)
2025-08-11 19:54:06,688 [FATAL] Updater:351 - Updater called before beeing initialized
2025-08-11 19:54:06,714 [WARN] DetailPanel:346 - Failed to get advertising image, set to default
2025-08-11 19:54:06,782 [FATAL] Updater:351 - Updater called before beeing initialized
2025-08-11 19:54:06,784 [FATAL] Updater:351 - Updater called before beeing initialized
2025-08-11 19:54:06,784 [FATAL] Updater:351 - Updater called before beeing initialized
2025-08-11 19:54:06,784 [WARN] DetailPanel:346 - Failed to get advertising image, set to default
2025-08-11 19:54:06,784 [FATAL] Updater:351 - Updater called before beeing initialized
2025-08-11 19:54:06,820 [ERROR] Updater:1198 - MainUpdater not yet initialized. External WinMGr cannot be set.
2025-08-11 19:54:06,821 [INFO] Updater:1134 - Updater Version found : 6.15.0
2025-08-11 19:54:06,833 [INFO] ApplicationProperties:184 - Using Application install path: C:\ST\STM32CubeIDE_1.16.1\STM32CubeIDE\plugins\com.st.stm32cube.common.mx_6.15.0.202507011659
2025-08-11 19:54:08,398 [ERROR] LogOutputStream:75 - [STDERR_REDIRECT] Aug 11, 2025 7:54:08 PM java.util.prefs.WindowsPreferences <init>
2025-08-11 19:54:08,399 [ERROR] LogOutputStream:75 - [STDERR_REDIRECT] WARNING: Could not open/create prefs root node Software\JavaSoft\Prefs at root 0xffffffff80000002. Windows RegCreateKeyEx(...) returned error code 5.
2025-08-11 19:54:08,399 [ERROR] LogOutputStream:75 - [STDERR_REDIRECT] 
2025-08-11 19:54:08,416 [INFO] MainUpdater:525 - Copy updater definitions from MX database
2025-08-11 19:54:08,794 [INFO] ThirdPartyUpdaterWithRetryManager:70 - Updater plugin not ready yet. [2/15]
2025-08-11 19:54:08,912 [INFO] MainUpdater:2872 - connection check result : 10
2025-08-11 19:54:08,912 [INFO] MainUpdater:3604 - Updater definition file requires update
2025-08-11 19:54:08,913 [INFO] MainUpdater:289 - Updater Check For Update Now.
2025-08-11 19:54:08,913 [INFO] MicroXplorer:498 - Change Database Version : DB.6.0.150
2025-08-11 19:54:08,921 [INFO] McuFinderGlobals:63 - Set McuFinder mode to 2 (CubeIDE integrated)
2025-08-11 19:54:08,933 [INFO] UserAuth:487 - Internet connection configuration mode: 1
2025-08-11 19:54:08,943 [INFO] JxBrowserEngine:152 - Initiate JxBrowser Engine with user profile folder
2025-08-11 19:54:09,077 [INFO] ServerAccessManage:452 - Complete download http(s) 200
2025-08-11 19:54:09,078 [INFO] ServerAccessManage:509 - Download File updaters.zip
2025-08-11 19:54:09,184 [INFO] FileExtend:248 - Unzip File : updaters.zip
2025-08-11 19:54:09,184 [INFO] FileExtend:263 - Standard Zip Deflate
2025-08-11 19:54:09,917 [INFO] ServerAccessManage:452 - Complete download http(s) 200
2025-08-11 19:54:09,918 [INFO] ServerAccessManage:509 - Download File PacksControlFlags.xml
2025-08-11 19:54:10,011 [INFO] ServerAccessManage:452 - Complete download http(s) 200
2025-08-11 19:54:10,011 [INFO] ServerAccessManage:509 - Download File cubemx.pidx
2025-08-11 19:54:10,105 [INFO] LoadServerUpdatesThread:375 - End of LoadServerUpdate Thread
2025-08-11 19:54:10,266 [INFO] CheckServerUpdateThread:120 - End of CheckServer Thread
2025-08-11 19:54:11,980 [WARN] PackLoader:240 - Cannot read IP mode file for STMicroelectronics.FP-SNS-MOTENVWB1.1.4.0
2025-08-11 19:54:11,998 [WARN] PackLoader:240 - Cannot read IP mode file for STMicroelectronics.X-CUBE-SMBUS.2.1.0
2025-08-11 19:54:12,033 [WARN] PackLoader:240 - Cannot read IP mode file for STMicroelectronics.X-CUBE-AZRTOS-F7.1.1.0
2025-08-11 19:54:12,075 [WARN] PackLoader:240 - Cannot read IP mode file for Infineon.AIROC-Wi-Fi-Bluetooth-STM32.1.7.1
2025-08-11 19:54:12,093 [WARN] PackLoader:240 - Cannot read IP mode file for STMicroelectronics.X-CUBE-DISPLAY.3.0.0
2025-08-11 19:54:12,120 [WARN] PackLoader:240 - Cannot read IP mode file for STMicroelectronics.X-CUBE-BLEMGR.4.0.0
2025-08-11 19:54:12,142 [WARN] PackLoader:240 - Cannot read IP mode file for STMicroelectronics.FP-SNS-STBOX1.2.1.0
2025-08-11 19:54:12,150 [WARN] PackLoader:240 - Cannot read IP mode file for STMicroelectronics.FP-SNS-SMARTAG2.1.2.0
2025-08-11 19:54:12,160 [INFO] LogOutputStream:77 - [STDOUT_REDIRECT] 1 : Invalid condition id : UX_CORESTACK_Condition cause : null
2025-08-11 19:54:12,161 [INFO] LogOutputStream:77 - [STDOUT_REDIRECT] 1 : Invalid condition id : UX_CORESTACK_Condition cause : null
2025-08-11 19:54:12,161 [INFO] LogOutputStream:77 - [STDOUT_REDIRECT] 1 : Invalid condition id : UX_CORESTACK_Condition cause : null
2025-08-11 19:54:12,162 [INFO] LogOutputStream:77 - [STDOUT_REDIRECT] 1 : Invalid condition id : UX_CORESTACK_Condition cause : null
2025-08-11 19:54:12,163 [INFO] LogOutputStream:77 - [STDOUT_REDIRECT] 1 : Invalid condition id : UX_CORESTACK_Condition cause : null
2025-08-11 19:54:12,167 [WARN] PackLoader:240 - Cannot read IP mode file for STMicroelectronics.X-CUBE-AZRTOS-WL.2.0.0
2025-08-11 19:54:12,174 [WARN] PackLoader:240 - Cannot read IP mode file for STMicroelectronics.FP-SNS-MOTENV1.5.0.0
2025-08-11 19:54:12,183 [WARN] PackLoader:240 - Cannot read IP mode file for STMicroelectronics.X-CUBE-BLE2.3.3.0
2025-08-11 19:54:12,189 [WARN] PackLoader:240 - Cannot read IP mode file for STMicroelectronics.X-CUBE-EEPRMA1.5.2.0
2025-08-11 19:54:12,195 [WARN] PackLoader:240 - Cannot read IP mode file for STMicroelectronics.X-CUBE-AI.10.1.0
2025-08-11 19:54:12,209 [WARN] PackLoader:240 - Cannot read IP mode file for STMicroelectronics.X-CUBE-AZRTOS-G0.1.1.0
2025-08-11 19:54:12,218 [WARN] PackLoader:240 - Cannot read IP mode file for STMicroelectronics.X-CUBE-SAFEA1.1.2.2
2025-08-11 19:54:12,224 [WARN] PackLoader:240 - Cannot read IP mode file for STMicroelectronics.X-CUBE-NFC4.3.0.0
2025-08-11 19:54:12,233 [WARN] PackLoader:240 - Cannot read IP mode file for EmbeddedOffice.I-CUBE-FS-RTOS.1.0.1
2025-08-11 19:54:12,237 [WARN] PackLoader:240 - Cannot read IP mode file for STMicroelectronics.FP-ATR-SIGFOX1.3.2.0
2025-08-11 19:54:12,242 [WARN] PackLoader:240 - Cannot read IP mode file for STMicroelectronics.X-CUBE-EEPRMA1.5.1.0
2025-08-11 19:54:12,248 [WARN] PackLoader:240 - Cannot read IP mode file for STMicroelectronics.X-CUBE-AI.10.2.0
2025-08-11 19:54:12,270 [WARN] PackLoader:240 - Cannot read IP mode file for SEGGER.I-CUBE-embOS.1.3.1
2025-08-11 19:54:12,304 [WARN] PackLoader:240 - Cannot read IP mode file for STMicroelectronics.X-CUBE-ALGOBUILD.1.4.0
2025-08-11 19:54:12,316 [WARN] PackLoader:240 - Cannot read IP mode file for STMicroelectronics.X-CUBE-AZRTOS-F4.1.1.0
2025-08-11 19:54:12,322 [WARN] PackLoader:240 - Cannot read IP mode file for Avnet-IotConnect.X-CUBE-IoTC-DA16k-PMOD.1.0.0
2025-08-11 19:54:12,328 [WARN] PackLoader:240 - Cannot read IP mode file for STMicroelectronics.X-CUBE-NFC12.1.0.0
2025-08-11 19:54:12,341 [WARN] PackLoader:240 - Cannot read IP mode file for STMicroelectronics.X-CUBE-AZRTOS-L5.2.0.0
2025-08-11 19:54:12,351 [WARN] PackLoader:240 - Cannot read IP mode file for STMicroelectronics.X-CUBE-NFC6.3.1.0
2025-08-11 19:54:12,360 [WARN] PackLoader:240 - Cannot read IP mode file for STMicroelectronics.X-CUBE-FREERTOS.1.3.1
2025-08-11 19:54:12,374 [WARN] ConditionMgr:438 - getConditionDescription Invalid condition id : LAN8742 Phy interface Condition cause : null
2025-08-11 19:54:12,375 [WARN] PackLoader:240 - Cannot read IP mode file for STMicroelectronics.X-CUBE-AZRTOS-L4.2.0.0
2025-08-11 19:54:12,377 [WARN] ConditionMgr:1044 - genDependencies : Invalid condition id : LAN8742 Phy interface Condition cause : null
2025-08-11 19:54:12,378 [WARN] ConditionMgr:1044 - genDependencies : Invalid condition id : LAN8742 Phy interface Condition cause : null
2025-08-11 19:54:12,379 [WARN] ConditionMgr:1044 - genDependencies : Invalid condition id : LAN8742 Phy interface Condition cause : null
2025-08-11 19:54:12,387 [WARN] PackLoader:240 - Cannot read IP mode file for STMicroelectronics.X-CUBE-SFXS2LP1.4.0.0
2025-08-11 19:54:12,397 [WARN] PackLoader:240 - Cannot read IP mode file for STMicroelectronics.X-CUBE-BLEMGR.4.1.0
2025-08-11 19:54:12,410 [WARN] ConditionMgr:438 - getConditionDescription Invalid condition id : UX DEVICE CLASS RTOS Condition cause : null
2025-08-11 19:54:12,410 [WARN] ConditionMgr:438 - getConditionDescription Invalid condition id : UX DEVICE CLASS RTOS Condition cause : null
2025-08-11 19:54:12,411 [WARN] PackLoader:240 - Cannot read IP mode file for STMicroelectronics.X-CUBE-AZRTOS-WB.2.0.0
2025-08-11 19:54:12,412 [WARN] ConditionMgr:1044 - genDependencies : Invalid condition id : UX DEVICE CLASS RTOS Condition cause : null
2025-08-11 19:54:12,413 [WARN] ConditionMgr:1044 - genDependencies : Invalid condition id : UX DEVICE CLASS RTOS Condition cause : null
2025-08-11 19:54:12,414 [WARN] ConditionMgr:1044 - genDependencies : Invalid condition id : UX DEVICE CLASS RTOS Condition cause : null
2025-08-11 19:54:12,414 [WARN] ConditionMgr:1044 - genDependencies : Invalid condition id : UX DEVICE CLASS RTOS Condition cause : null
2025-08-11 19:54:12,415 [WARN] ConditionMgr:1044 - genDependencies : Invalid condition id : UX DEVICE CLASS RTOS Condition cause : null
2025-08-11 19:54:12,421 [WARN] PackLoader:240 - Cannot read IP mode file for STMicroelectronics.FP-SNS-STBOX1.2.0.0
2025-08-11 19:54:12,429 [WARN] ConditionMgr:438 - getConditionDescription Invalid condition id : Cortex-A Device cause : null
2025-08-11 19:54:12,463 [WARN] ConditionMgr:1044 - genDependencies : Invalid condition id : Cortex-A Device cause : null
2025-08-11 19:54:12,463 [WARN] ConditionMgr:1044 - genDependencies : Invalid condition id : Cortex-A Device cause : null
2025-08-11 19:54:12,464 [WARN] ConditionMgr:1044 - genDependencies : Invalid condition id : Cortex-A Device cause : null
2025-08-11 19:54:12,473 [WARN] PackLoader:240 - Cannot read IP mode file for STMicroelectronics.X-CUBE-SUBG2.5.0.0
2025-08-11 19:54:12,482 [WARN] PackLoader:240 - Cannot read IP mode file for Cesanta.I-CUBE-Mongoose.7.13.0
2025-08-11 19:54:12,496 [WARN] PackLoader:240 - Cannot read IP mode file for STMicroelectronics.X-CUBE-AZRTOS-G4.2.0.0
2025-08-11 19:54:12,501 [WARN] PackLoader:240 - Cannot read IP mode file for STMicroelectronics.X-CUBE-ALS.1.0.2
2025-08-11 19:54:12,508 [WARN] PackLoader:240 - Cannot read IP mode file for portGmbH.I-Cube-SoM-uGOAL.1.1.0
2025-08-11 19:54:12,509 [INFO] ThirdParty:978 - Integrity check success = true
2025-08-11 19:54:12,509 [INFO] IntegrityCheckThread:100 - exiting critical section [integrity check]
2025-08-11 19:54:12,510 [INFO] IntegrityCheckThread:103 - End integrity checks thread
2025-08-11 19:54:13,345 [INFO] WebApp:169 - Instantiating new browser for Auth
2025-08-11 19:54:14,084 [INFO] WebApp:463 - Apply proxy settings
2025-08-11 19:54:14,084 [INFO] WebApp:548 - Chromium requires no authentication
2025-08-11 19:54:14,090 [INFO] WebApp:491 - Direct internet connection detected
2025-08-11 19:54:14,113 [INFO] WebApp:900 - Register for checkConnection events
2025-08-11 19:54:14,114 [INFO] WebApp:463 - Apply proxy settings
2025-08-11 19:54:14,114 [INFO] WebApp:548 - Chromium requires no authentication
2025-08-11 19:54:14,114 [INFO] WebApp:491 - Direct internet connection detected
2025-08-11 19:54:14,341 [INFO] WebApp:225 - Starting web application
2025-08-11 19:54:14,341 [INFO] WebApp:593 - Web application path used C:\ST\STM32CubeIDE_1.16.1\STM32CubeIDE\plugins\com.st.stm32cube.common.mx_6.15.0.202507011659\db\plugins\mcufinder\reactClient1\index.html
2025-08-11 19:54:14,409 [INFO] UserAuth:487 - Internet connection configuration mode: 1
2025-08-11 19:55:15,178 [ERROR] LogOutputStream:75 - [STDERR_REDIRECT] 
2025-08-11 19:55:15,179 [ERROR] LogOutputStream:75 - [STDERR_REDIRECT] 
2025-08-11 19:55:24,914 [INFO] Activator:176 - 


2025-08-11 19:55:24,916 [INFO] Activator:177 - !SESSION log4j initialized
2025-08-11 19:55:27,292 [INFO] LogOutputStream:77 - [STDOUT_REDIRECT] 
2025-08-11 19:55:31,172 [INFO] ApplicationProperties:184 - Using Application install path: C:\ST\STM32CubeIDE_1.16.1\STM32CubeIDE\plugins\com.st.stm32cube.common.mx_6.15.0.202507011659
2025-08-11 19:55:31,185 [INFO] DbMcusXml:78 - Set database path to: C:\ST\STM32CubeIDE_1.16.1\STM32CubeIDE\plugins\com.st.stm32cube.common.mx_6.15.0.202507011659\\db\/mcu/
2025-08-11 19:55:31,185 [INFO] ApiDb:274 - Set plugin database path to: C:\ST\STM32CubeIDE_1.16.1\STM32CubeIDE\plugins\com.st.stm32cube.common.mx_6.15.0.202507011659\\db\/plugins/boardmanager/
2025-08-11 19:55:31,186 [WARN] ApiDb:259 - Overriding images path with different value:  => C:\ST\STM32CubeIDE_1.16.1\STM32CubeIDE\plugins\com.st.stm32cube.common.mx_6.15.0.202507011659\\db\/plugins/mcufinder/images/
2025-08-11 19:55:31,190 [INFO] ApiDb:250 - Set database path to: C:\Users\pingwcy\.stmcufinder\plugins\mcufinder//mcu/
2025-08-11 19:55:31,191 [INFO] DbMcusAds:125 - Set database path to: C:\Users\pingwcy\.stmcufinder\plugins\mcufinder//mcu/
2025-08-11 19:55:31,192 [INFO] CrossReferenceDbSqlite:203 - Set database path to: C:\Users\pingwcy\.stmcufinder\plugins\mcufinder//mcu/cs/
2025-08-11 19:55:31,290 [INFO] RulesReader:64 - Compatibility file has been processed (317 Rules)
2025-08-11 19:55:31,353 [INFO] DbMcusXml:78 - Set database path to: C:\ST\STM32CubeIDE_1.16.1\STM32CubeIDE\plugins\com.st.stm32cube.common.mx_6.15.0.202507011659\\db\/mcu/
2025-08-11 19:55:31,353 [INFO] ApiDb:274 - Set plugin database path to: C:\ST\STM32CubeIDE_1.16.1\STM32CubeIDE\plugins\com.st.stm32cube.common.mx_6.15.0.202507011659\\db\/plugins/boardmanager/
2025-08-11 19:55:31,353 [INFO] ApiDb:261 - Set plugin images path to: C:\ST\STM32CubeIDE_1.16.1\STM32CubeIDE\plugins\com.st.stm32cube.common.mx_6.15.0.202507011659\\db\/plugins/mcufinder/images/
2025-08-11 19:55:31,353 [WARN] DbFile:41 - Overriding database path with different value: C:\Users\pingwcy\.stmcufinder\plugins\mcufinder/ => C:\Users\pingwcy\.stmcufinder\plugins\mcufinder
2025-08-11 19:55:31,353 [INFO] ApiDb:250 - Set database path to: C:\Users\pingwcy\.stmcufinder\plugins\mcufinder//mcu/
2025-08-11 19:55:31,353 [WARN] DbFile:41 - Overriding database path with different value: C:\Users\pingwcy\.stmcufinder\plugins\mcufinder/ => C:\Users\pingwcy\.stmcufinder\plugins\mcufinder
2025-08-11 19:55:31,353 [INFO] DbMcusAds:125 - Set database path to: C:\Users\pingwcy\.stmcufinder\plugins\mcufinder//mcu/
2025-08-11 19:55:31,353 [WARN] DbFile:41 - Overriding database path with different value: C:\Users\pingwcy\.stmcufinder\plugins\mcufinder/ => C:\Users\pingwcy\.stmcufinder\plugins\mcufinder
2025-08-11 19:55:31,353 [WARN] DbFile:41 - Overriding database path with different value: C:\Users\pingwcy\.stmcufinder\plugins\mcufinder/ => C:\Users\pingwcy\.stmcufinder\plugins\mcufinder
2025-08-11 19:55:31,353 [INFO] CrossReferenceDbSqlite:203 - Set database path to: C:\Users\pingwcy\.stmcufinder\plugins\mcufinder//mcu/cs/
2025-08-11 19:55:31,404 [INFO] MainPanel:274 - HeapMemory: 268435456
2025-08-11 19:55:31,469 [INFO] DbMcusXml:78 - Set database path to: C:\ST\STM32CubeIDE_1.16.1\STM32CubeIDE\plugins\com.st.stm32cube.common.mx_6.15.0.202507011659\\db\/mcu/
2025-08-11 19:55:31,469 [INFO] ApiDb:274 - Set plugin database path to: C:\ST\STM32CubeIDE_1.16.1\STM32CubeIDE\plugins\com.st.stm32cube.common.mx_6.15.0.202507011659\\db\/plugins/boardmanager/
2025-08-11 19:55:31,469 [INFO] ApiDb:261 - Set plugin images path to: C:\ST\STM32CubeIDE_1.16.1\STM32CubeIDE\plugins\com.st.stm32cube.common.mx_6.15.0.202507011659\\db\/plugins/mcufinder/images/
2025-08-11 19:55:31,469 [WARN] DbFile:41 - Overriding database path with different value: C:\Users\pingwcy\.stmcufinder\plugins\mcufinder/ => C:\Users\pingwcy\.stmcufinder\plugins\mcufinder
2025-08-11 19:55:31,469 [INFO] ApiDb:250 - Set database path to: C:\Users\pingwcy\.stmcufinder\plugins\mcufinder//mcu/
2025-08-11 19:55:31,469 [WARN] DbFile:41 - Overriding database path with different value: C:\Users\pingwcy\.stmcufinder\plugins\mcufinder/ => C:\Users\pingwcy\.stmcufinder\plugins\mcufinder
2025-08-11 19:55:31,469 [INFO] DbMcusAds:125 - Set database path to: C:\Users\pingwcy\.stmcufinder\plugins\mcufinder//mcu/
2025-08-11 19:55:31,469 [WARN] DbFile:41 - Overriding database path with different value: C:\Users\pingwcy\.stmcufinder\plugins\mcufinder/ => C:\Users\pingwcy\.stmcufinder\plugins\mcufinder
2025-08-11 19:55:31,469 [WARN] DbFile:41 - Overriding database path with different value: C:\Users\pingwcy\.stmcufinder\plugins\mcufinder/ => C:\Users\pingwcy\.stmcufinder\plugins\mcufinder
2025-08-11 19:55:31,469 [INFO] CrossReferenceDbSqlite:203 - Set database path to: C:\Users\pingwcy\.stmcufinder\plugins\mcufinder//mcu/cs/
2025-08-11 19:55:31,482 [INFO] ApplicationProperties:184 - Using Application install path: C:\ST\STM32CubeIDE_1.16.1\STM32CubeIDE\plugins\com.st.stm32cube.common.mx_6.15.0.202507011659
2025-08-11 19:55:31,484 [INFO] PluginManage:196 - Search for loadable plugins [exclusion list=, ]
2025-08-11 19:55:31,485 [INFO] PluginManage:310 - Check plugin analytics
2025-08-11 19:55:31,655 [INFO] AnalyticsPlugin:253 - Accepted Software Licenses: 
2025-08-11 19:55:31,655 [INFO] AnalyticsPlugin:255 - Accepted CMSIS Pack Licenses: 
2025-08-11 19:55:31,655 [INFO] AnalyticsPlugin:257 - Accepted Firmware Licenses: 
2025-08-11 19:55:31,658 [INFO] PluginManage:359 - Loaded plugin analytics (category:tool,tabindex:-1)
2025-08-11 19:55:31,659 [INFO] PluginManage:310 - Check plugin cadmodel
2025-08-11 19:55:31,663 [INFO] CADModel:105 - Init CAD model plugin
2025-08-11 19:55:31,664 [INFO] PluginManage:359 - Loaded plugin cadmodel (category:power,tabindex:5)
2025-08-11 19:55:31,664 [INFO] PluginManage:310 - Check plugin clock
2025-08-11 19:55:31,671 [INFO] PluginManage:359 - Loaded plugin clock (category:base,tabindex:2)
2025-08-11 19:55:31,671 [INFO] PluginManage:310 - Check plugin ddr
2025-08-11 19:55:31,673 [INFO] PluginManage:359 - Loaded plugin ddr (category:tool,tabindex:6)
2025-08-11 19:55:31,673 [INFO] PluginManage:310 - Check plugin filemanager
2025-08-11 19:55:31,805 [INFO] PluginManage:359 - Loaded plugin filemanager (category:base,tabindex:10)
2025-08-11 19:55:31,805 [INFO] PluginManage:310 - Check plugin ipmanager
2025-08-11 19:55:31,810 [INFO] PluginManage:359 - Loaded plugin ipmanager (category:base,tabindex:5)
2025-08-11 19:55:31,810 [INFO] PluginManage:310 - Check plugin lpbam
2025-08-11 19:55:31,816 [INFO] PluginManage:359 - Loaded plugin lpbam (category:base,tabindex:0)
2025-08-11 19:55:31,816 [INFO] PluginManage:310 - Check plugin memorymap
2025-08-11 19:55:31,827 [INFO] PluginManage:359 - Loaded plugin memorymap (category:base,tabindex:4)
2025-08-11 19:55:31,827 [INFO] PluginManage:310 - Check plugin pinoutandconfiguration
2025-08-11 19:55:31,833 [INFO] PluginManage:359 - Loaded plugin pinoutandconfiguration (category:base,tabindex:1)
2025-08-11 19:55:31,833 [INFO] PluginManage:310 - Check plugin pinoutconfig
2025-08-11 19:55:31,907 [WARN] SupportedApi:132 - Cannot load RTOS API schema: s4s-elt-must-match.1: The content of 'definitions' must match (annotation?, (simpleType | complexType)?, (unique | key | keyref)*)). A problem was found starting at: attribute.
2025-08-11 19:55:32,029 [INFO] PluginManage:359 - Loaded plugin pinoutconfig (category:base,tabindex:0)
2025-08-11 19:55:32,029 [INFO] PluginManage:310 - Check plugin power
2025-08-11 19:55:32,035 [INFO] PluginManage:359 - Loaded plugin power (category:power,tabindex:4)
2025-08-11 19:55:32,035 [INFO] PluginManage:310 - Check plugin projectmanager
2025-08-11 19:55:32,046 [INFO] PluginManage:359 - Loaded plugin projectmanager (category:projectmanager,tabindex:4)
2025-08-11 19:55:32,046 [INFO] PluginManage:310 - Check plugin rif
2025-08-11 19:55:32,051 [INFO] PluginManage:359 - Loaded plugin rif (category:base,tabindex:3)
2025-08-11 19:55:32,052 [INFO] PluginManage:310 - Check plugin thirdparty
2025-08-11 19:55:32,161 [INFO] PluginManage:359 - Loaded plugin thirdparty (category:base,tabindex:-1)
2025-08-11 19:55:32,161 [WARN] IntegrityCheckThread:84 - waiting for thirdparty lock release [integrity check]
2025-08-11 19:55:32,161 [INFO] PluginManage:310 - Check plugin tools
2025-08-11 19:55:32,161 [INFO] IntegrityCheckThread:86 - entering critical section [integrity check]
2025-08-11 19:55:32,161 [INFO] ThirdPartyUpdaterWithRetryManager:70 - Updater plugin not ready yet. [1/15]
2025-08-11 19:55:32,163 [INFO] PluginManage:359 - Loaded plugin tools (category:base,tabindex:7)
2025-08-11 19:55:32,163 [INFO] PluginManage:310 - Check plugin tutovideos
2025-08-11 19:55:32,292 [INFO] PluginManage:359 - Loaded plugin tutovideos (category:base,tabindex:-1)
2025-08-11 19:55:32,292 [INFO] PluginManage:310 - Check plugin updater
2025-08-11 19:55:32,307 [INFO] PluginManage:359 - Loaded plugin updater (category:base,tabindex:12)
2025-08-11 19:55:32,307 [INFO] PluginManage:310 - Check plugin userauth
2025-08-11 19:55:32,310 [INFO] UserAuth:118 - Init User Auth plugin
2025-08-11 19:55:32,310 [INFO] PluginManage:359 - Loaded plugin userauth (category:base,tabindex:14)
2025-08-11 19:55:32,311 [INFO] PluginManage:283 - PluginManage : Loaded plugins [18]
2025-08-11 19:55:32,456 [INFO] PinOutPanel:1589 - setPackage(No Configuration,No Configuration)
2025-08-11 19:55:32,515 [INFO] CADModel:165 - CPN selected for project level
2025-08-11 19:55:32,515 [INFO] CADModel:114 - Register for checkConnection events
2025-08-11 19:55:32,524 [INFO] IPUIPlugin:80 - create IPUIPlugin
2025-08-11 19:55:32,524 [INFO] PluginManager:220 - loadIPPluginJar : add adc
2025-08-11 19:55:32,526 [INFO] IPUIPlugin:80 - create IPUIPlugin
2025-08-11 19:55:32,526 [INFO] PluginManager:220 - loadIPPluginJar : add aes
2025-08-11 19:55:32,528 [INFO] IPUIPlugin:80 - create IPUIPlugin
2025-08-11 19:55:32,528 [INFO] PluginManager:220 - loadIPPluginJar : add can
2025-08-11 19:55:32,529 [INFO] IPUIPlugin:80 - create IPUIPlugin
2025-08-11 19:55:32,529 [INFO] PluginManager:220 - loadIPPluginJar : add comp
2025-08-11 19:55:32,531 [INFO] IPUIPlugin:80 - create IPUIPlugin
2025-08-11 19:55:32,531 [INFO] PluginManager:220 - loadIPPluginJar : add cryp
2025-08-11 19:55:32,533 [INFO] IPUIPlugin:80 - create IPUIPlugin
2025-08-11 19:55:32,533 [INFO] PluginManager:220 - loadIPPluginJar : add ddr_ctrl_phy
2025-08-11 19:55:32,534 [INFO] IPUIPlugin:80 - create IPUIPlugin
2025-08-11 19:55:32,534 [INFO] PluginManager:220 - loadIPPluginJar : add dfsdm
2025-08-11 19:55:32,538 [INFO] IPUIPlugin:80 - create IPUIPlugin
2025-08-11 19:55:32,538 [INFO] PluginManager:220 - loadIPPluginJar : add dma
2025-08-11 19:55:32,541 [INFO] IPUIPlugin:80 - create IPUIPlugin
2025-08-11 19:55:32,541 [INFO] PluginManager:220 - loadIPPluginJar : add dma3
2025-08-11 19:55:32,543 [INFO] IPUIPlugin:80 - create IPUIPlugin
2025-08-11 19:55:32,543 [INFO] PluginManager:220 - loadIPPluginJar : add extmemmanager
2025-08-11 19:55:32,544 [INFO] IPUIPlugin:80 - create IPUIPlugin
2025-08-11 19:55:32,544 [INFO] PluginManager:220 - loadIPPluginJar : add fatfs
2025-08-11 19:55:32,549 [INFO] IPUIPlugin:80 - create IPUIPlugin
2025-08-11 19:55:32,549 [INFO] PluginManager:220 - loadIPPluginJar : add fmc
2025-08-11 19:55:32,553 [INFO] IPUIPlugin:80 - create IPUIPlugin
2025-08-11 19:55:32,553 [INFO] PluginManager:220 - loadIPPluginJar : add freertos
2025-08-11 19:55:32,554 [INFO] IPUIPlugin:80 - create IPUIPlugin
2025-08-11 19:55:32,554 [INFO] PluginManager:220 - loadIPPluginJar : add genericplugin
2025-08-11 19:55:32,556 [INFO] IPUIPlugin:80 - create IPUIPlugin
2025-08-11 19:55:32,556 [INFO] PluginManager:220 - loadIPPluginJar : add gfxmmu
2025-08-11 19:55:32,560 [INFO] IPUIPlugin:80 - create IPUIPlugin
2025-08-11 19:55:32,560 [INFO] PluginManager:220 - loadIPPluginJar : add gic
2025-08-11 19:55:32,563 [INFO] IPUIPlugin:80 - create IPUIPlugin
2025-08-11 19:55:32,563 [INFO] PluginManager:220 - loadIPPluginJar : add gpio
2025-08-11 19:55:32,565 [INFO] IPUIPlugin:80 - create IPUIPlugin
2025-08-11 19:55:32,565 [INFO] PluginManager:220 - loadIPPluginJar : add gtzc
2025-08-11 19:55:32,567 [INFO] IPUIPlugin:80 - create IPUIPlugin
2025-08-11 19:55:32,567 [INFO] PluginManager:220 - loadIPPluginJar : add hash
2025-08-11 19:55:32,569 [INFO] IPUIPlugin:80 - create IPUIPlugin
2025-08-11 19:55:32,569 [INFO] PluginManager:220 - loadIPPluginJar : add i2c
2025-08-11 19:55:32,570 [INFO] IPUIPlugin:80 - create IPUIPlugin
2025-08-11 19:55:32,571 [INFO] PluginManager:220 - loadIPPluginJar : add i2s
2025-08-11 19:55:32,572 [INFO] IPUIPlugin:80 - create IPUIPlugin
2025-08-11 19:55:32,572 [INFO] PluginManager:220 - loadIPPluginJar : add i3c
2025-08-11 19:55:32,575 [INFO] IPUIPlugin:80 - create IPUIPlugin
2025-08-11 19:55:32,575 [INFO] PluginManager:220 - loadIPPluginJar : add ipddr
2025-08-11 19:55:32,582 [INFO] IPUIPlugin:80 - create IPUIPlugin
2025-08-11 19:55:32,582 [INFO] PluginManager:220 - loadIPPluginJar : add linkedlist
2025-08-11 19:55:32,584 [INFO] IPUIPlugin:80 - create IPUIPlugin
2025-08-11 19:55:32,584 [INFO] PluginManager:220 - loadIPPluginJar : add lorawan
2025-08-11 19:55:32,585 [INFO] IPUIPlugin:80 - create IPUIPlugin
2025-08-11 19:55:32,585 [INFO] PluginManager:220 - loadIPPluginJar : add ltdc
2025-08-11 19:55:32,589 [INFO] IPUIPlugin:80 - create IPUIPlugin
2025-08-11 19:55:32,589 [INFO] PluginManager:220 - loadIPPluginJar : add mdma
2025-08-11 19:55:32,592 [INFO] IPUIPlugin:80 - create IPUIPlugin
2025-08-11 19:55:32,592 [INFO] PluginManager:220 - loadIPPluginJar : add nvic
2025-08-11 19:55:32,595 [INFO] IPUIPlugin:80 - create IPUIPlugin
2025-08-11 19:55:32,596 [INFO] PluginManager:220 - loadIPPluginJar : add opamp
2025-08-11 19:55:32,599 [INFO] IPUIPlugin:80 - create IPUIPlugin
2025-08-11 19:55:32,599 [INFO] PluginManager:220 - loadIPPluginJar : add openamp
2025-08-11 19:55:32,602 [INFO] IPUIPlugin:80 - create IPUIPlugin
2025-08-11 19:55:32,602 [INFO] PluginManager:220 - loadIPPluginJar : add pdm2pcm
2025-08-11 19:55:32,607 [INFO] IPUIPlugin:80 - create IPUIPlugin
2025-08-11 19:55:32,609 [INFO] PluginManager:220 - loadIPPluginJar : add plateformsettings
2025-08-11 19:55:32,611 [INFO] IPUIPlugin:80 - create IPUIPlugin
2025-08-11 19:55:32,611 [INFO] PluginManager:220 - loadIPPluginJar : add quadspi
2025-08-11 19:55:32,612 [INFO] IPUIPlugin:80 - create IPUIPlugin
2025-08-11 19:55:32,613 [INFO] PluginManager:220 - loadIPPluginJar : add radio
2025-08-11 19:55:32,616 [INFO] IPUIPlugin:80 - create IPUIPlugin
2025-08-11 19:55:32,616 [INFO] PluginManager:220 - loadIPPluginJar : add resmgrutility
2025-08-11 19:55:32,618 [INFO] IPUIPlugin:80 - create IPUIPlugin
2025-08-11 19:55:32,618 [INFO] PluginManager:220 - loadIPPluginJar : add sai
2025-08-11 19:55:32,620 [INFO] IPUIPlugin:80 - create IPUIPlugin
2025-08-11 19:55:32,620 [INFO] PluginManager:220 - loadIPPluginJar : add spi
2025-08-11 19:55:32,625 [INFO] IPUIPlugin:80 - create IPUIPlugin
2025-08-11 19:55:32,625 [INFO] PluginManager:220 - loadIPPluginJar : add stm32_wpan
2025-08-11 19:55:32,626 [INFO] IPUIPlugin:80 - create IPUIPlugin
2025-08-11 19:55:32,627 [INFO] PluginManager:220 - loadIPPluginJar : add tim
2025-08-11 19:55:32,632 [INFO] IPUIPlugin:80 - create IPUIPlugin
2025-08-11 19:55:32,633 [INFO] PluginManager:220 - loadIPPluginJar : add touchsensing
2025-08-11 19:55:32,636 [INFO] IPUIPlugin:80 - create IPUIPlugin
2025-08-11 19:55:32,636 [INFO] PluginManager:220 - loadIPPluginJar : add tracer_emb
2025-08-11 19:55:32,638 [INFO] IPUIPlugin:80 - create IPUIPlugin
2025-08-11 19:55:32,638 [INFO] PluginManager:220 - loadIPPluginJar : add ts
2025-08-11 19:55:32,640 [INFO] IPUIPlugin:80 - create IPUIPlugin
2025-08-11 19:55:32,640 [INFO] PluginManager:220 - loadIPPluginJar : add tsc
2025-08-11 19:55:32,641 [INFO] IPUIPlugin:80 - create IPUIPlugin
2025-08-11 19:55:32,641 [INFO] PluginManager:220 - loadIPPluginJar : add ucpd
2025-08-11 19:55:32,643 [INFO] IPUIPlugin:80 - create IPUIPlugin
2025-08-11 19:55:32,643 [INFO] PluginManager:220 - loadIPPluginJar : add usart
2025-08-11 19:55:32,646 [INFO] IPUIPlugin:80 - create IPUIPlugin
2025-08-11 19:55:32,646 [INFO] PluginManager:220 - loadIPPluginJar : add usbx
2025-08-11 19:55:32,766 [FATAL] Updater:351 - Updater called before beeing initialized
2025-08-11 19:55:32,787 [INFO] RulesReader:64 - Compatibility file has been processed (317 Rules)
2025-08-11 19:55:32,795 [INFO] RulesReader:64 - Compatibility file has been processed (317 Rules)
2025-08-11 19:55:32,802 [INFO] CADModel:165 - CPN selected for project level
2025-08-11 19:55:32,802 [INFO] CADModel:114 - Register for checkConnection events
2025-08-11 19:55:32,803 [FATAL] Updater:351 - Updater called before beeing initialized
2025-08-11 19:55:32,803 [ERROR] CADModel:125 - Updater not yet initialized, retry later 
2025-08-11 19:55:32,894 [FATAL] Updater:351 - Updater called before beeing initialized
2025-08-11 19:55:32,895 [INFO] CADModel:165 - CPN selected for project level
2025-08-11 19:55:32,895 [INFO] CADModel:114 - Register for checkConnection events
2025-08-11 19:55:32,895 [FATAL] Updater:351 - Updater called before beeing initialized
2025-08-11 19:55:32,895 [ERROR] CADModel:125 - Updater not yet initialized, retry later 
2025-08-11 19:55:32,897 [FATAL] Updater:351 - Updater called before beeing initialized
2025-08-11 19:55:32,976 [FATAL] Updater:351 - Updater called before beeing initialized
2025-08-11 19:55:32,978 [INFO] DbMcusAds:53 - JSON generation date=Tue Jul 08 16:14:23 CST 2025 (1751962463582)
2025-08-11 19:55:32,979 [FATAL] Updater:351 - Updater called before beeing initialized
2025-08-11 19:55:33,001 [WARN] DetailPanel:346 - Failed to get advertising image, set to default
2025-08-11 19:55:33,063 [FATAL] Updater:351 - Updater called before beeing initialized
2025-08-11 19:55:33,064 [FATAL] Updater:351 - Updater called before beeing initialized
2025-08-11 19:55:33,064 [FATAL] Updater:351 - Updater called before beeing initialized
2025-08-11 19:55:33,064 [WARN] DetailPanel:346 - Failed to get advertising image, set to default
2025-08-11 19:55:33,065 [FATAL] Updater:351 - Updater called before beeing initialized
2025-08-11 19:55:33,101 [ERROR] Updater:1198 - MainUpdater not yet initialized. External WinMGr cannot be set.
2025-08-11 19:55:33,102 [INFO] Updater:1134 - Updater Version found : 6.15.0
2025-08-11 19:55:33,111 [INFO] ApplicationProperties:184 - Using Application install path: C:\ST\STM32CubeIDE_1.16.1\STM32CubeIDE\plugins\com.st.stm32cube.common.mx_6.15.0.202507011659
2025-08-11 19:55:39,704 [INFO] Activator:176 - 


2025-08-11 19:55:39,707 [INFO] Activator:177 - !SESSION log4j initialized
2025-08-11 19:55:41,731 [INFO] LogOutputStream:77 - [STDOUT_REDIRECT] 
2025-08-11 19:55:50,302 [INFO] ApplicationProperties:184 - Using Application install path: C:\ST\STM32CubeIDE_1.16.1\STM32CubeIDE\plugins\com.st.stm32cube.common.mx_6.15.0.202507011659
2025-08-11 19:55:50,314 [INFO] DbMcusXml:78 - Set database path to: C:\ST\STM32CubeIDE_1.16.1\STM32CubeIDE\plugins\com.st.stm32cube.common.mx_6.15.0.202507011659\\db\/mcu/
2025-08-11 19:55:50,314 [INFO] ApiDb:274 - Set plugin database path to: C:\ST\STM32CubeIDE_1.16.1\STM32CubeIDE\plugins\com.st.stm32cube.common.mx_6.15.0.202507011659\\db\/plugins/boardmanager/
2025-08-11 19:55:50,314 [WARN] ApiDb:259 - Overriding images path with different value:  => C:\ST\STM32CubeIDE_1.16.1\STM32CubeIDE\plugins\com.st.stm32cube.common.mx_6.15.0.202507011659\\db\/plugins/mcufinder/images/
2025-08-11 19:55:50,318 [INFO] ApiDb:250 - Set database path to: C:\Users\pingwcy\.stmcufinder\plugins\mcufinder//mcu/
2025-08-11 19:55:50,319 [INFO] DbMcusAds:125 - Set database path to: C:\Users\pingwcy\.stmcufinder\plugins\mcufinder//mcu/
2025-08-11 19:55:50,321 [INFO] CrossReferenceDbSqlite:203 - Set database path to: C:\Users\pingwcy\.stmcufinder\plugins\mcufinder//mcu/cs/
2025-08-11 19:55:50,419 [INFO] RulesReader:64 - Compatibility file has been processed (317 Rules)
2025-08-11 19:55:50,487 [INFO] DbMcusXml:78 - Set database path to: C:\ST\STM32CubeIDE_1.16.1\STM32CubeIDE\plugins\com.st.stm32cube.common.mx_6.15.0.202507011659\\db\/mcu/
2025-08-11 19:55:50,487 [INFO] ApiDb:274 - Set plugin database path to: C:\ST\STM32CubeIDE_1.16.1\STM32CubeIDE\plugins\com.st.stm32cube.common.mx_6.15.0.202507011659\\db\/plugins/boardmanager/
2025-08-11 19:55:50,488 [INFO] ApiDb:261 - Set plugin images path to: C:\ST\STM32CubeIDE_1.16.1\STM32CubeIDE\plugins\com.st.stm32cube.common.mx_6.15.0.202507011659\\db\/plugins/mcufinder/images/
2025-08-11 19:55:50,488 [WARN] DbFile:41 - Overriding database path with different value: C:\Users\pingwcy\.stmcufinder\plugins\mcufinder/ => C:\Users\pingwcy\.stmcufinder\plugins\mcufinder
2025-08-11 19:55:50,488 [INFO] ApiDb:250 - Set database path to: C:\Users\pingwcy\.stmcufinder\plugins\mcufinder//mcu/
2025-08-11 19:55:50,488 [WARN] DbFile:41 - Overriding database path with different value: C:\Users\pingwcy\.stmcufinder\plugins\mcufinder/ => C:\Users\pingwcy\.stmcufinder\plugins\mcufinder
2025-08-11 19:55:50,488 [INFO] DbMcusAds:125 - Set database path to: C:\Users\pingwcy\.stmcufinder\plugins\mcufinder//mcu/
2025-08-11 19:55:50,488 [WARN] DbFile:41 - Overriding database path with different value: C:\Users\pingwcy\.stmcufinder\plugins\mcufinder/ => C:\Users\pingwcy\.stmcufinder\plugins\mcufinder
2025-08-11 19:55:50,488 [WARN] DbFile:41 - Overriding database path with different value: C:\Users\pingwcy\.stmcufinder\plugins\mcufinder/ => C:\Users\pingwcy\.stmcufinder\plugins\mcufinder
2025-08-11 19:55:50,488 [INFO] CrossReferenceDbSqlite:203 - Set database path to: C:\Users\pingwcy\.stmcufinder\plugins\mcufinder//mcu/cs/
2025-08-11 19:55:50,538 [INFO] MainPanel:274 - HeapMemory: 268435456
2025-08-11 19:55:50,594 [INFO] DbMcusXml:78 - Set database path to: C:\ST\STM32CubeIDE_1.16.1\STM32CubeIDE\plugins\com.st.stm32cube.common.mx_6.15.0.202507011659\\db\/mcu/
2025-08-11 19:55:50,594 [INFO] ApiDb:274 - Set plugin database path to: C:\ST\STM32CubeIDE_1.16.1\STM32CubeIDE\plugins\com.st.stm32cube.common.mx_6.15.0.202507011659\\db\/plugins/boardmanager/
2025-08-11 19:55:50,594 [INFO] ApiDb:261 - Set plugin images path to: C:\ST\STM32CubeIDE_1.16.1\STM32CubeIDE\plugins\com.st.stm32cube.common.mx_6.15.0.202507011659\\db\/plugins/mcufinder/images/
2025-08-11 19:55:50,594 [WARN] DbFile:41 - Overriding database path with different value: C:\Users\pingwcy\.stmcufinder\plugins\mcufinder/ => C:\Users\pingwcy\.stmcufinder\plugins\mcufinder
2025-08-11 19:55:50,594 [INFO] ApiDb:250 - Set database path to: C:\Users\pingwcy\.stmcufinder\plugins\mcufinder//mcu/
2025-08-11 19:55:50,594 [WARN] DbFile:41 - Overriding database path with different value: C:\Users\pingwcy\.stmcufinder\plugins\mcufinder/ => C:\Users\pingwcy\.stmcufinder\plugins\mcufinder
2025-08-11 19:55:50,595 [INFO] DbMcusAds:125 - Set database path to: C:\Users\pingwcy\.stmcufinder\plugins\mcufinder//mcu/
2025-08-11 19:55:50,595 [WARN] DbFile:41 - Overriding database path with different value: C:\Users\pingwcy\.stmcufinder\plugins\mcufinder/ => C:\Users\pingwcy\.stmcufinder\plugins\mcufinder
2025-08-11 19:55:50,595 [WARN] DbFile:41 - Overriding database path with different value: C:\Users\pingwcy\.stmcufinder\plugins\mcufinder/ => C:\Users\pingwcy\.stmcufinder\plugins\mcufinder
2025-08-11 19:55:50,595 [INFO] CrossReferenceDbSqlite:203 - Set database path to: C:\Users\pingwcy\.stmcufinder\plugins\mcufinder//mcu/cs/
2025-08-11 19:55:50,608 [INFO] ApplicationProperties:184 - Using Application install path: C:\ST\STM32CubeIDE_1.16.1\STM32CubeIDE\plugins\com.st.stm32cube.common.mx_6.15.0.202507011659
2025-08-11 19:55:50,609 [INFO] PluginManage:196 - Search for loadable plugins [exclusion list=, ]
2025-08-11 19:55:50,609 [INFO] PluginManage:310 - Check plugin analytics
2025-08-11 19:55:50,762 [INFO] AnalyticsPlugin:253 - Accepted Software Licenses: 
2025-08-11 19:55:50,762 [INFO] AnalyticsPlugin:255 - Accepted CMSIS Pack Licenses: 
2025-08-11 19:55:50,762 [INFO] AnalyticsPlugin:257 - Accepted Firmware Licenses: 
2025-08-11 19:55:50,766 [INFO] PluginManage:359 - Loaded plugin analytics (category:tool,tabindex:-1)
2025-08-11 19:55:50,766 [INFO] PluginManage:310 - Check plugin cadmodel
2025-08-11 19:55:50,771 [INFO] CADModel:105 - Init CAD model plugin
2025-08-11 19:55:50,771 [INFO] PluginManage:359 - Loaded plugin cadmodel (category:power,tabindex:5)
2025-08-11 19:55:50,771 [INFO] PluginManage:310 - Check plugin clock
2025-08-11 19:55:50,779 [INFO] PluginManage:359 - Loaded plugin clock (category:base,tabindex:2)
2025-08-11 19:55:50,780 [INFO] PluginManage:310 - Check plugin ddr
2025-08-11 19:55:50,781 [INFO] PluginManage:359 - Loaded plugin ddr (category:tool,tabindex:6)
2025-08-11 19:55:50,782 [INFO] PluginManage:310 - Check plugin filemanager
2025-08-11 19:55:50,902 [INFO] PluginManage:359 - Loaded plugin filemanager (category:base,tabindex:10)
2025-08-11 19:55:50,902 [INFO] PluginManage:310 - Check plugin ipmanager
2025-08-11 19:55:50,909 [INFO] PluginManage:359 - Loaded plugin ipmanager (category:base,tabindex:5)
2025-08-11 19:55:50,909 [INFO] PluginManage:310 - Check plugin lpbam
2025-08-11 19:55:50,916 [INFO] PluginManage:359 - Loaded plugin lpbam (category:base,tabindex:0)
2025-08-11 19:55:50,917 [INFO] PluginManage:310 - Check plugin memorymap
2025-08-11 19:55:50,928 [INFO] PluginManage:359 - Loaded plugin memorymap (category:base,tabindex:4)
2025-08-11 19:55:50,928 [INFO] PluginManage:310 - Check plugin pinoutandconfiguration
2025-08-11 19:55:50,935 [INFO] PluginManage:359 - Loaded plugin pinoutandconfiguration (category:base,tabindex:1)
2025-08-11 19:55:50,936 [INFO] PluginManage:310 - Check plugin pinoutconfig
2025-08-11 19:55:51,043 [WARN] SupportedApi:132 - Cannot load RTOS API schema: s4s-elt-must-match.1: The content of 'definitions' must match (annotation?, (simpleType | complexType)?, (unique | key | keyref)*)). A problem was found starting at: attribute.
2025-08-11 19:55:51,207 [INFO] PluginManage:359 - Loaded plugin pinoutconfig (category:base,tabindex:0)
2025-08-11 19:55:51,207 [INFO] PluginManage:310 - Check plugin power
2025-08-11 19:55:51,214 [INFO] PluginManage:359 - Loaded plugin power (category:power,tabindex:4)
2025-08-11 19:55:51,214 [INFO] PluginManage:310 - Check plugin projectmanager
2025-08-11 19:55:51,227 [INFO] PluginManage:359 - Loaded plugin projectmanager (category:projectmanager,tabindex:4)
2025-08-11 19:55:51,227 [INFO] PluginManage:310 - Check plugin rif
2025-08-11 19:55:51,234 [INFO] PluginManage:359 - Loaded plugin rif (category:base,tabindex:3)
2025-08-11 19:55:51,234 [INFO] PluginManage:310 - Check plugin thirdparty
2025-08-11 19:55:51,338 [INFO] PluginManage:359 - Loaded plugin thirdparty (category:base,tabindex:-1)
2025-08-11 19:55:51,338 [INFO] PluginManage:310 - Check plugin tools
2025-08-11 19:55:51,338 [WARN] IntegrityCheckThread:84 - waiting for thirdparty lock release [integrity check]
2025-08-11 19:55:51,338 [INFO] IntegrityCheckThread:86 - entering critical section [integrity check]
2025-08-11 19:55:51,339 [INFO] ThirdPartyUpdaterWithRetryManager:70 - Updater plugin not ready yet. [1/15]
2025-08-11 19:55:51,340 [INFO] PluginManage:359 - Loaded plugin tools (category:base,tabindex:7)
2025-08-11 19:55:51,341 [INFO] PluginManage:310 - Check plugin tutovideos
2025-08-11 19:55:51,455 [INFO] PluginManage:359 - Loaded plugin tutovideos (category:base,tabindex:-1)
2025-08-11 19:55:51,456 [INFO] PluginManage:310 - Check plugin updater
2025-08-11 19:55:51,469 [INFO] PluginManage:359 - Loaded plugin updater (category:base,tabindex:12)
2025-08-11 19:55:51,469 [INFO] PluginManage:310 - Check plugin userauth
2025-08-11 19:55:51,472 [INFO] UserAuth:118 - Init User Auth plugin
2025-08-11 19:55:51,473 [INFO] PluginManage:359 - Loaded plugin userauth (category:base,tabindex:14)
2025-08-11 19:55:51,473 [INFO] PluginManage:283 - PluginManage : Loaded plugins [18]
2025-08-11 19:55:51,612 [INFO] PinOutPanel:1589 - setPackage(No Configuration,No Configuration)
2025-08-11 19:55:51,673 [INFO] CADModel:165 - CPN selected for project level
2025-08-11 19:55:51,673 [INFO] CADModel:114 - Register for checkConnection events
2025-08-11 19:55:51,685 [INFO] IPUIPlugin:80 - create IPUIPlugin
2025-08-11 19:55:51,685 [INFO] PluginManager:220 - loadIPPluginJar : add adc
2025-08-11 19:55:51,687 [INFO] IPUIPlugin:80 - create IPUIPlugin
2025-08-11 19:55:51,687 [INFO] PluginManager:220 - loadIPPluginJar : add aes
2025-08-11 19:55:51,689 [INFO] IPUIPlugin:80 - create IPUIPlugin
2025-08-11 19:55:51,689 [INFO] PluginManager:220 - loadIPPluginJar : add can
2025-08-11 19:55:51,690 [INFO] IPUIPlugin:80 - create IPUIPlugin
2025-08-11 19:55:51,690 [INFO] PluginManager:220 - loadIPPluginJar : add comp
2025-08-11 19:55:51,692 [INFO] IPUIPlugin:80 - create IPUIPlugin
2025-08-11 19:55:51,692 [INFO] PluginManager:220 - loadIPPluginJar : add cryp
2025-08-11 19:55:51,693 [INFO] IPUIPlugin:80 - create IPUIPlugin
2025-08-11 19:55:51,693 [INFO] PluginManager:220 - loadIPPluginJar : add ddr_ctrl_phy
2025-08-11 19:55:51,694 [INFO] IPUIPlugin:80 - create IPUIPlugin
2025-08-11 19:55:51,695 [INFO] PluginManager:220 - loadIPPluginJar : add dfsdm
2025-08-11 19:55:51,697 [INFO] IPUIPlugin:80 - create IPUIPlugin
2025-08-11 19:55:51,698 [INFO] PluginManager:220 - loadIPPluginJar : add dma
2025-08-11 19:55:51,699 [INFO] IPUIPlugin:80 - create IPUIPlugin
2025-08-11 19:55:51,699 [INFO] PluginManager:220 - loadIPPluginJar : add dma3
2025-08-11 19:55:51,701 [INFO] IPUIPlugin:80 - create IPUIPlugin
2025-08-11 19:55:51,701 [INFO] PluginManager:220 - loadIPPluginJar : add extmemmanager
2025-08-11 19:55:51,703 [INFO] IPUIPlugin:80 - create IPUIPlugin
2025-08-11 19:55:51,703 [INFO] PluginManager:220 - loadIPPluginJar : add fatfs
2025-08-11 19:55:51,705 [INFO] IPUIPlugin:80 - create IPUIPlugin
2025-08-11 19:55:51,706 [INFO] PluginManager:220 - loadIPPluginJar : add fmc
2025-08-11 19:55:51,709 [INFO] IPUIPlugin:80 - create IPUIPlugin
2025-08-11 19:55:51,709 [INFO] PluginManager:220 - loadIPPluginJar : add freertos
2025-08-11 19:55:51,710 [INFO] IPUIPlugin:80 - create IPUIPlugin
2025-08-11 19:55:51,710 [INFO] PluginManager:220 - loadIPPluginJar : add genericplugin
2025-08-11 19:55:51,712 [INFO] IPUIPlugin:80 - create IPUIPlugin
2025-08-11 19:55:51,712 [INFO] PluginManager:220 - loadIPPluginJar : add gfxmmu
2025-08-11 19:55:51,715 [INFO] IPUIPlugin:80 - create IPUIPlugin
2025-08-11 19:55:51,715 [INFO] PluginManager:220 - loadIPPluginJar : add gic
2025-08-11 19:55:51,718 [INFO] IPUIPlugin:80 - create IPUIPlugin
2025-08-11 19:55:51,718 [INFO] PluginManager:220 - loadIPPluginJar : add gpio
2025-08-11 19:55:51,720 [INFO] IPUIPlugin:80 - create IPUIPlugin
2025-08-11 19:55:51,720 [INFO] PluginManager:220 - loadIPPluginJar : add gtzc
2025-08-11 19:55:51,721 [INFO] IPUIPlugin:80 - create IPUIPlugin
2025-08-11 19:55:51,721 [INFO] PluginManager:220 - loadIPPluginJar : add hash
2025-08-11 19:55:51,723 [INFO] IPUIPlugin:80 - create IPUIPlugin
2025-08-11 19:55:51,723 [INFO] PluginManager:220 - loadIPPluginJar : add i2c
2025-08-11 19:55:51,724 [INFO] IPUIPlugin:80 - create IPUIPlugin
2025-08-11 19:55:51,724 [INFO] PluginManager:220 - loadIPPluginJar : add i2s
2025-08-11 19:55:51,726 [INFO] IPUIPlugin:80 - create IPUIPlugin
2025-08-11 19:55:51,726 [INFO] PluginManager:220 - loadIPPluginJar : add i3c
2025-08-11 19:55:51,729 [INFO] IPUIPlugin:80 - create IPUIPlugin
2025-08-11 19:55:51,729 [INFO] PluginManager:220 - loadIPPluginJar : add ipddr
2025-08-11 19:55:51,733 [INFO] IPUIPlugin:80 - create IPUIPlugin
2025-08-11 19:55:51,733 [INFO] PluginManager:220 - loadIPPluginJar : add linkedlist
2025-08-11 19:55:51,735 [INFO] IPUIPlugin:80 - create IPUIPlugin
2025-08-11 19:55:51,735 [INFO] PluginManager:220 - loadIPPluginJar : add lorawan
2025-08-11 19:55:51,736 [INFO] IPUIPlugin:80 - create IPUIPlugin
2025-08-11 19:55:51,736 [INFO] PluginManager:220 - loadIPPluginJar : add ltdc
2025-08-11 19:55:51,740 [INFO] IPUIPlugin:80 - create IPUIPlugin
2025-08-11 19:55:51,740 [INFO] PluginManager:220 - loadIPPluginJar : add mdma
2025-08-11 19:55:51,742 [INFO] IPUIPlugin:80 - create IPUIPlugin
2025-08-11 19:55:51,743 [INFO] PluginManager:220 - loadIPPluginJar : add nvic
2025-08-11 19:55:51,745 [INFO] IPUIPlugin:80 - create IPUIPlugin
2025-08-11 19:55:51,745 [INFO] PluginManager:220 - loadIPPluginJar : add opamp
2025-08-11 19:55:51,749 [INFO] IPUIPlugin:80 - create IPUIPlugin
2025-08-11 19:55:51,749 [INFO] PluginManager:220 - loadIPPluginJar : add openamp
2025-08-11 19:55:51,751 [INFO] IPUIPlugin:80 - create IPUIPlugin
2025-08-11 19:55:51,751 [INFO] PluginManager:220 - loadIPPluginJar : add pdm2pcm
2025-08-11 19:55:51,756 [INFO] IPUIPlugin:80 - create IPUIPlugin
2025-08-11 19:55:51,758 [INFO] PluginManager:220 - loadIPPluginJar : add plateformsettings
2025-08-11 19:55:51,759 [INFO] IPUIPlugin:80 - create IPUIPlugin
2025-08-11 19:55:51,759 [INFO] PluginManager:220 - loadIPPluginJar : add quadspi
2025-08-11 19:55:51,760 [INFO] IPUIPlugin:80 - create IPUIPlugin
2025-08-11 19:55:51,761 [INFO] PluginManager:220 - loadIPPluginJar : add radio
2025-08-11 19:55:51,763 [INFO] IPUIPlugin:80 - create IPUIPlugin
2025-08-11 19:55:51,763 [INFO] PluginManager:220 - loadIPPluginJar : add resmgrutility
2025-08-11 19:55:51,765 [INFO] IPUIPlugin:80 - create IPUIPlugin
2025-08-11 19:55:51,765 [INFO] PluginManager:220 - loadIPPluginJar : add sai
2025-08-11 19:55:51,767 [INFO] IPUIPlugin:80 - create IPUIPlugin
2025-08-11 19:55:51,767 [INFO] PluginManager:220 - loadIPPluginJar : add spi
2025-08-11 19:55:51,771 [INFO] IPUIPlugin:80 - create IPUIPlugin
2025-08-11 19:55:51,771 [INFO] PluginManager:220 - loadIPPluginJar : add stm32_wpan
2025-08-11 19:55:51,772 [INFO] IPUIPlugin:80 - create IPUIPlugin
2025-08-11 19:55:51,772 [INFO] PluginManager:220 - loadIPPluginJar : add tim
2025-08-11 19:55:51,774 [INFO] IPUIPlugin:80 - create IPUIPlugin
2025-08-11 19:55:51,774 [INFO] PluginManager:220 - loadIPPluginJar : add touchsensing
2025-08-11 19:55:51,776 [INFO] IPUIPlugin:80 - create IPUIPlugin
2025-08-11 19:55:51,776 [INFO] PluginManager:220 - loadIPPluginJar : add tracer_emb
2025-08-11 19:55:51,778 [INFO] IPUIPlugin:80 - create IPUIPlugin
2025-08-11 19:55:51,778 [INFO] PluginManager:220 - loadIPPluginJar : add ts
2025-08-11 19:55:51,779 [INFO] IPUIPlugin:80 - create IPUIPlugin
2025-08-11 19:55:51,779 [INFO] PluginManager:220 - loadIPPluginJar : add tsc
2025-08-11 19:55:51,780 [INFO] IPUIPlugin:80 - create IPUIPlugin
2025-08-11 19:55:51,780 [INFO] PluginManager:220 - loadIPPluginJar : add ucpd
2025-08-11 19:55:51,782 [INFO] IPUIPlugin:80 - create IPUIPlugin
2025-08-11 19:55:51,782 [INFO] PluginManager:220 - loadIPPluginJar : add usart
2025-08-11 19:55:51,784 [INFO] IPUIPlugin:80 - create IPUIPlugin
2025-08-11 19:55:51,784 [INFO] PluginManager:220 - loadIPPluginJar : add usbx
2025-08-11 19:55:51,898 [FATAL] Updater:351 - Updater called before beeing initialized
2025-08-11 19:55:51,919 [INFO] RulesReader:64 - Compatibility file has been processed (317 Rules)
2025-08-11 19:55:51,929 [INFO] RulesReader:64 - Compatibility file has been processed (317 Rules)
2025-08-11 19:55:51,935 [INFO] CADModel:165 - CPN selected for project level
2025-08-11 19:55:51,935 [INFO] CADModel:114 - Register for checkConnection events
2025-08-11 19:55:51,935 [FATAL] Updater:351 - Updater called before beeing initialized
2025-08-11 19:55:51,935 [ERROR] CADModel:125 - Updater not yet initialized, retry later 
2025-08-11 19:55:52,025 [FATAL] Updater:351 - Updater called before beeing initialized
2025-08-11 19:55:52,026 [INFO] CADModel:165 - CPN selected for project level
2025-08-11 19:55:52,026 [INFO] CADModel:114 - Register for checkConnection events
2025-08-11 19:55:52,026 [FATAL] Updater:351 - Updater called before beeing initialized
2025-08-11 19:55:52,026 [ERROR] CADModel:125 - Updater not yet initialized, retry later 
2025-08-11 19:55:52,028 [FATAL] Updater:351 - Updater called before beeing initialized
2025-08-11 19:55:52,114 [FATAL] Updater:351 - Updater called before beeing initialized
2025-08-11 19:55:52,119 [INFO] DbMcusAds:53 - JSON generation date=Tue Jul 08 16:14:23 CST 2025 (1751962463582)
2025-08-11 19:55:52,119 [FATAL] Updater:351 - Updater called before beeing initialized
2025-08-11 19:55:52,145 [WARN] DetailPanel:346 - Failed to get advertising image, set to default
2025-08-11 19:55:52,209 [FATAL] Updater:351 - Updater called before beeing initialized
2025-08-11 19:55:52,210 [FATAL] Updater:351 - Updater called before beeing initialized
2025-08-11 19:55:52,210 [FATAL] Updater:351 - Updater called before beeing initialized
2025-08-11 19:55:52,210 [WARN] DetailPanel:346 - Failed to get advertising image, set to default
2025-08-11 19:55:52,211 [FATAL] Updater:351 - Updater called before beeing initialized
2025-08-11 19:55:52,244 [ERROR] Updater:1198 - MainUpdater not yet initialized. External WinMGr cannot be set.
2025-08-11 19:55:52,246 [INFO] Updater:1134 - Updater Version found : 6.15.0
2025-08-11 19:55:52,256 [INFO] ApplicationProperties:184 - Using Application install path: C:\ST\STM32CubeIDE_1.16.1\STM32CubeIDE\plugins\com.st.stm32cube.common.mx_6.15.0.202507011659
2025-08-11 19:55:53,821 [ERROR] LogOutputStream:75 - [STDERR_REDIRECT] Aug 11, 2025 7:55:53 PM java.util.prefs.WindowsPreferences <init>
2025-08-11 19:55:53,822 [ERROR] LogOutputStream:75 - [STDERR_REDIRECT] WARNING: Could not open/create prefs root node Software\JavaSoft\Prefs at root 0xffffffff80000002. Windows RegCreateKeyEx(...) returned error code 5.
2025-08-11 19:55:53,822 [ERROR] LogOutputStream:75 - [STDERR_REDIRECT] 
2025-08-11 19:55:54,077 [INFO] MainUpdater:2872 - connection check result : 10
2025-08-11 19:55:54,078 [INFO] MainUpdater:289 - Updater Check For Update Now.
2025-08-11 19:55:54,078 [INFO] MicroXplorer:498 - Change Database Version : DB.6.0.150
2025-08-11 19:55:54,086 [INFO] McuFinderGlobals:63 - Set McuFinder mode to 2 (CubeIDE integrated)
2025-08-11 19:55:54,087 [INFO] UserAuth:487 - Internet connection configuration mode: 1
2025-08-11 19:55:54,108 [INFO] JxBrowserEngine:152 - Initiate JxBrowser Engine with user profile folder
2025-08-11 19:55:54,244 [INFO] CheckServerUpdateThread:120 - End of CheckServer Thread
2025-08-11 19:55:54,495 [WARN] PackLoader:240 - Cannot read IP mode file for STMicroelectronics.FP-SNS-MOTENVWB1.1.4.0
2025-08-11 19:55:54,511 [WARN] PackLoader:240 - Cannot read IP mode file for STMicroelectronics.X-CUBE-SMBUS.2.1.0
2025-08-11 19:55:54,554 [WARN] PackLoader:240 - Cannot read IP mode file for STMicroelectronics.X-CUBE-AZRTOS-F7.1.1.0
2025-08-11 19:55:54,598 [WARN] PackLoader:240 - Cannot read IP mode file for Infineon.AIROC-Wi-Fi-Bluetooth-STM32.1.7.1
2025-08-11 19:55:54,615 [WARN] PackLoader:240 - Cannot read IP mode file for STMicroelectronics.X-CUBE-DISPLAY.3.0.0
2025-08-11 19:55:54,638 [WARN] PackLoader:240 - Cannot read IP mode file for STMicroelectronics.X-CUBE-BLEMGR.4.0.0
2025-08-11 19:55:54,650 [WARN] PackLoader:240 - Cannot read IP mode file for STMicroelectronics.FP-SNS-STBOX1.2.1.0
2025-08-11 19:55:54,659 [WARN] PackLoader:240 - Cannot read IP mode file for STMicroelectronics.FP-SNS-SMARTAG2.1.2.0
2025-08-11 19:55:54,671 [INFO] LogOutputStream:77 - [STDOUT_REDIRECT] 1 : Invalid condition id : UX_CORESTACK_Condition cause : null
2025-08-11 19:55:54,672 [INFO] LogOutputStream:77 - [STDOUT_REDIRECT] 1 : Invalid condition id : UX_CORESTACK_Condition cause : null
2025-08-11 19:55:54,673 [INFO] LogOutputStream:77 - [STDOUT_REDIRECT] 1 : Invalid condition id : UX_CORESTACK_Condition cause : null
2025-08-11 19:55:54,674 [INFO] LogOutputStream:77 - [STDOUT_REDIRECT] 1 : Invalid condition id : UX_CORESTACK_Condition cause : null
2025-08-11 19:55:54,675 [INFO] LogOutputStream:77 - [STDOUT_REDIRECT] 1 : Invalid condition id : UX_CORESTACK_Condition cause : null
2025-08-11 19:55:54,680 [WARN] PackLoader:240 - Cannot read IP mode file for STMicroelectronics.X-CUBE-AZRTOS-WL.2.0.0
2025-08-11 19:55:54,687 [WARN] PackLoader:240 - Cannot read IP mode file for STMicroelectronics.FP-SNS-MOTENV1.5.0.0
2025-08-11 19:55:54,698 [WARN] PackLoader:240 - Cannot read IP mode file for STMicroelectronics.X-CUBE-BLE2.3.3.0
2025-08-11 19:55:54,706 [WARN] PackLoader:240 - Cannot read IP mode file for STMicroelectronics.X-CUBE-EEPRMA1.5.2.0
2025-08-11 19:55:54,712 [WARN] PackLoader:240 - Cannot read IP mode file for STMicroelectronics.X-CUBE-AI.10.1.0
2025-08-11 19:55:54,728 [WARN] PackLoader:240 - Cannot read IP mode file for STMicroelectronics.X-CUBE-AZRTOS-G0.1.1.0
2025-08-11 19:55:54,736 [WARN] PackLoader:240 - Cannot read IP mode file for STMicroelectronics.X-CUBE-SAFEA1.1.2.2
2025-08-11 19:55:54,743 [WARN] PackLoader:240 - Cannot read IP mode file for STMicroelectronics.X-CUBE-NFC4.3.0.0
2025-08-11 19:55:54,766 [WARN] PackLoader:240 - Cannot read IP mode file for EmbeddedOffice.I-CUBE-FS-RTOS.1.0.1
2025-08-11 19:55:54,773 [WARN] PackLoader:240 - Cannot read IP mode file for STMicroelectronics.FP-ATR-SIGFOX1.3.2.0
2025-08-11 19:55:54,779 [WARN] PackLoader:240 - Cannot read IP mode file for STMicroelectronics.X-CUBE-EEPRMA1.5.1.0
2025-08-11 19:55:54,783 [WARN] PackLoader:240 - Cannot read IP mode file for STMicroelectronics.X-CUBE-AI.10.2.0
2025-08-11 19:55:54,816 [WARN] PackLoader:240 - Cannot read IP mode file for SEGGER.I-CUBE-embOS.1.3.1
2025-08-11 19:55:54,837 [INFO] WebApp:169 - Instantiating new browser for Auth
2025-08-11 19:55:54,867 [WARN] PackLoader:240 - Cannot read IP mode file for STMicroelectronics.X-CUBE-ALGOBUILD.1.4.0
2025-08-11 19:55:54,891 [WARN] PackLoader:240 - Cannot read IP mode file for STMicroelectronics.X-CUBE-AZRTOS-F4.1.1.0
2025-08-11 19:55:54,899 [WARN] PackLoader:240 - Cannot read IP mode file for Avnet-IotConnect.X-CUBE-IoTC-DA16k-PMOD.1.0.0
2025-08-11 19:55:54,907 [WARN] PackLoader:240 - Cannot read IP mode file for STMicroelectronics.X-CUBE-NFC12.1.0.0
2025-08-11 19:55:54,929 [WARN] PackLoader:240 - Cannot read IP mode file for STMicroelectronics.X-CUBE-AZRTOS-L5.2.0.0
2025-08-11 19:55:54,941 [WARN] PackLoader:240 - Cannot read IP mode file for STMicroelectronics.X-CUBE-NFC6.3.1.0
2025-08-11 19:55:54,952 [WARN] PackLoader:240 - Cannot read IP mode file for STMicroelectronics.X-CUBE-FREERTOS.1.3.1
2025-08-11 19:55:54,982 [WARN] ConditionMgr:438 - getConditionDescription Invalid condition id : LAN8742 Phy interface Condition cause : null
2025-08-11 19:55:54,983 [WARN] PackLoader:240 - Cannot read IP mode file for STMicroelectronics.X-CUBE-AZRTOS-L4.2.0.0
2025-08-11 19:55:54,984 [WARN] ConditionMgr:1044 - genDependencies : Invalid condition id : LAN8742 Phy interface Condition cause : null
2025-08-11 19:55:54,985 [WARN] ConditionMgr:1044 - genDependencies : Invalid condition id : LAN8742 Phy interface Condition cause : null
2025-08-11 19:55:54,985 [WARN] ConditionMgr:1044 - genDependencies : Invalid condition id : LAN8742 Phy interface Condition cause : null
2025-08-11 19:55:54,995 [WARN] PackLoader:240 - Cannot read IP mode file for STMicroelectronics.X-CUBE-SFXS2LP1.4.0.0
2025-08-11 19:55:55,015 [WARN] PackLoader:240 - Cannot read IP mode file for STMicroelectronics.X-CUBE-BLEMGR.4.1.0
2025-08-11 19:55:55,036 [WARN] ConditionMgr:438 - getConditionDescription Invalid condition id : UX DEVICE CLASS RTOS Condition cause : null
2025-08-11 19:55:55,037 [WARN] ConditionMgr:438 - getConditionDescription Invalid condition id : UX DEVICE CLASS RTOS Condition cause : null
2025-08-11 19:55:55,039 [WARN] PackLoader:240 - Cannot read IP mode file for STMicroelectronics.X-CUBE-AZRTOS-WB.2.0.0
2025-08-11 19:55:55,040 [WARN] ConditionMgr:1044 - genDependencies : Invalid condition id : UX DEVICE CLASS RTOS Condition cause : null
2025-08-11 19:55:55,040 [WARN] ConditionMgr:1044 - genDependencies : Invalid condition id : UX DEVICE CLASS RTOS Condition cause : null
2025-08-11 19:55:55,041 [WARN] ConditionMgr:1044 - genDependencies : Invalid condition id : UX DEVICE CLASS RTOS Condition cause : null
2025-08-11 19:55:55,041 [WARN] ConditionMgr:1044 - genDependencies : Invalid condition id : UX DEVICE CLASS RTOS Condition cause : null
2025-08-11 19:55:55,041 [WARN] ConditionMgr:1044 - genDependencies : Invalid condition id : UX DEVICE CLASS RTOS Condition cause : null
2025-08-11 19:55:55,053 [WARN] PackLoader:240 - Cannot read IP mode file for STMicroelectronics.FP-SNS-STBOX1.2.0.0
2025-08-11 19:55:55,061 [WARN] ConditionMgr:438 - getConditionDescription Invalid condition id : Cortex-A Device cause : null
2025-08-11 19:55:55,113 [WARN] ConditionMgr:1044 - genDependencies : Invalid condition id : Cortex-A Device cause : null
2025-08-11 19:55:55,114 [WARN] ConditionMgr:1044 - genDependencies : Invalid condition id : Cortex-A Device cause : null
2025-08-11 19:55:55,114 [WARN] ConditionMgr:1044 - genDependencies : Invalid condition id : Cortex-A Device cause : null
2025-08-11 19:55:55,128 [WARN] PackLoader:240 - Cannot read IP mode file for STMicroelectronics.X-CUBE-SUBG2.5.0.0
2025-08-11 19:55:55,138 [WARN] PackLoader:240 - Cannot read IP mode file for Cesanta.I-CUBE-Mongoose.7.13.0
2025-08-11 19:55:55,156 [WARN] PackLoader:240 - Cannot read IP mode file for STMicroelectronics.X-CUBE-AZRTOS-G4.2.0.0
2025-08-11 19:55:55,164 [WARN] PackLoader:240 - Cannot read IP mode file for STMicroelectronics.X-CUBE-ALS.1.0.2
2025-08-11 19:55:55,174 [WARN] PackLoader:240 - Cannot read IP mode file for portGmbH.I-Cube-SoM-uGOAL.1.1.0
2025-08-11 19:55:55,175 [INFO] ThirdParty:978 - Integrity check success = true
2025-08-11 19:55:55,176 [INFO] IntegrityCheckThread:100 - exiting critical section [integrity check]
2025-08-11 19:55:55,176 [INFO] IntegrityCheckThread:103 - End integrity checks thread
2025-08-11 19:55:55,888 [INFO] WebApp:463 - Apply proxy settings
2025-08-11 19:55:55,889 [INFO] WebApp:548 - Chromium requires no authentication
2025-08-11 19:55:55,895 [INFO] WebApp:491 - Direct internet connection detected
2025-08-11 19:55:55,921 [INFO] WebApp:900 - Register for checkConnection events
2025-08-11 19:55:55,921 [INFO] WebApp:463 - Apply proxy settings
2025-08-11 19:55:55,921 [INFO] WebApp:548 - Chromium requires no authentication
2025-08-11 19:55:55,922 [INFO] WebApp:491 - Direct internet connection detected
2025-08-11 19:55:56,092 [INFO] WebApp:225 - Starting web application
2025-08-11 19:55:56,092 [INFO] WebApp:593 - Web application path used C:\ST\STM32CubeIDE_1.16.1\STM32CubeIDE\plugins\com.st.stm32cube.common.mx_6.15.0.202507011659\db\plugins\mcufinder\reactClient1\index.html
2025-08-11 19:55:56,168 [INFO] UserAuth:487 - Internet connection configuration mode: 1
2025-08-11 19:55:58,913 [ERROR] LogOutputStream:75 - [STDERR_REDIRECT] 
